# JRE version: OpenJDK Runtime Environment (11.0.4+11) (build 11.0.4+11)
# Java VM: OpenJDK 64-Bit Server VM (11.0.4+11, mixed mode, tiered, compressed oops, g1 gc, windows-amd64)
Heap:
 garbage-first heap   total 155648K, used 106371K [0x00000000c0000000, 0x0000000100000000)
  region size 1024K, 70 young (71680K), 4 survivors (4096K)
 Metaspace       used 58432K, capacity 61250K, committed 61360K, reserved 1103872K
  class space    used 5588K, capacity 6568K, committed 6656K, reserved 1048576K
GC Heap History (10 events):
Event: 101.001 GC heap before
{Heap before GC invocations=12 (full 0):
 garbage-first heap   total 155648K, used 111696K [0x00000000c0000000, 0x0000000100000000)
  region size 1024K, 74 young (75776K), 3 survivors (3072K)
 Metaspace       used 56955K, capacity 59805K, committed 59952K, reserved 1103872K
  class space    used 5541K, capacity 6520K, committed 6528K, reserved 1048576K
}
Event: 101.015 GC heap after
{Heap after GC invocations=13 (full 0):
 garbage-first heap   total 155648K, used 40445K [0x00000000c0000000, 0x0000000100000000)
  region size 1024K, 3 young (3072K), 3 survivors (3072K)
 Metaspace       used 56955K, capacity 59805K, committed 59952K, reserved 1103872K
  class space    used 5541K, capacity 6520K, committed 6528K, reserved 1048576K
}
Event: 104.860 GC heap before
{Heap before GC invocations=13 (full 0):
 garbage-first heap   total 155648K, used 82429K [0x00000000c0000000, 0x0000000100000000)
  region size 1024K, 46 young (47104K), 3 survivors (3072K)
 Metaspace       used 57373K, capacity 60193K, committed 60336K, reserved 1103872K
  class space    used 5562K, capacity 6560K, committed 6656K, reserved 1048576K
}
Event: 104.869 GC heap after
{Heap after GC invocations=14 (full 0):
 garbage-first heap   total 155648K, used 40496K [0x00000000c0000000, 0x0000000100000000)
  region size 1024K, 3 young (3072K), 3 survivors (3072K)
 Metaspace       used 57373K, capacity 60193K, committed 60336K, reserved 1103872K
  class space    used 5562K, capacity 6560K, committed 6656K, reserved 1048576K
}
Event: 106.922 GC heap before
{Heap before GC invocations=15 (full 0):
 garbage-first heap   total 155648K, used 118320K [0x00000000c0000000, 0x0000000100000000)
  region size 1024K, 80 young (81920K), 3 survivors (3072K)
 Metaspace       used 57843K, capacity 60702K, committed 60848K, reserved 1103872K
  class space    used 5574K, capacity 6560K, committed 6656K, reserved 1048576K
}
Event: 106.931 GC heap after
{Heap after GC invocations=16 (full 0):
 garbage-first heap   total 155648K, used 41068K [0x00000000c0000000, 0x0000000100000000)
  region size 1024K, 4 young (4096K), 4 survivors (4096K)
 Metaspace       used 57843K, capacity 60702K, committed 60848K, reserved 1103872K
  class space    used 5574K, capacity 6560K, committed 6656K, reserved 1048576K
}
Event: 108.505 GC heap before
{Heap before GC invocations=16 (full 0):
 garbage-first heap   total 155648K, used 119916K [0x00000000c0000000, 0x0000000100000000)
  region size 1024K, 81 young (82944K), 4 survivors (4096K)
 Metaspace       used 58037K, capacity 60903K, committed 61104K, reserved 1103872K
  class space    used 5575K, capacity 6562K, committed 6656K, reserved 1048576K
}
Event: 108.516 GC heap after
{Heap after GC invocations=17 (full 0):
 garbage-first heap   total 155648K, used 41147K [0x00000000c0000000, 0x0000000100000000)
  region size 1024K, 4 young (4096K), 4 survivors (4096K)
 Metaspace       used 58037K, capacity 60903K, committed 61104K, reserved 1103872K
  class space    used 5575K, capacity 6562K, committed 6656K, reserved 1048576K
}
Event: 111.399 GC heap before
{Heap before GC invocations=17 (full 0):
 garbage-first heap   total 155648K, used 121019K [0x00000000c0000000, 0x0000000100000000)
  region size 1024K, 82 young (83968K), 4 survivors (4096K)
 Metaspace       used 58203K, capacity 61052K, committed 61360K, reserved 1103872K
  class space    used 5578K, capacity 6566K, committed 6656K, reserved 1048576K
}
Event: 111.405 GC heap after
{Heap after GC invocations=18 (full 0):
 garbage-first heap   total 155648K, used 40835K [0x00000000c0000000, 0x0000000100000000)
  region size 1024K, 4 young (4096K), 4 survivors (4096K)
 Metaspace       used 58203K, capacity 61052K, committed 61360K, reserved 1103872K
  class space    used 5578K, capacity 6566K, committed 6656K, reserved 1048576K
}

